<?xml version="1.0" encoding="UTF-8"?>
<!-- Generated by org.testng.reporters.JUnitXMLReporter -->
<testsuite ignored="0" hostname="IITMSPC120" failures="0" tests="1" name="16. AL_Payroll_Rpt_PTPFDeductionReport_GrossTDSReportTest" time="75.887" errors="0" timestamp="2025-01-15T01:40:33 IST">
  <testcase classname="PayrollTest.AL_Payroll_Rpt_PTPFDeductionReport_GrossTDSReportTest" name="aL_Payroll_Rpt_PTPFDeductionReport_GrossTDSReportTest" time="64.666"/>
</testsuite> <!-- 16. AL_Payroll_Rpt_PTPFDeductionReport_GrossTDSReportTest -->
