<?xml version="1.0" encoding="UTF-8"?>
<!-- Generated by org.testng.reporters.JUnitXMLReporter -->
<testsuite ignored="0" hostname="IITMSPC120" failures="0" tests="1" name="19. al_Payroll_Rpt_EmployeeSelectedFieldReport" time="52.799" errors="0" timestamp="2025-01-15T01:43:59 IST">
  <testcase classname="PayrollTest.AL_Payroll_Rpt_EmployeeSelectedFieldReportTest" name="al_Payroll_Rpt_EmployeeSelectedFieldReport" time="47.458"/>
</testsuite> <!-- 19. al_Payroll_Rpt_EmployeeSelectedFieldReport -->
