<?xml version="1.0" encoding="UTF-8"?>
<!-- Generated by org.testng.reporters.JUnitXMLReporter -->
<testsuite ignored="0" hostname="IITMSPC120" failures="1" tests="1" name="28. AL_Payroll_Rpt_DetailReportTest" time="99.604" errors="0" timestamp="2025-01-15T10:05:29 IST">
  <testcase classname="PayrollTest.AL_Payroll_Rpt_DetailReportTest" name="aL_Payroll_Rpt_DetailReportTest" time="91.377">
    <failure type="java.awt.AWTException" message="headless environment">
      <![CDATA[java.awt.AWTException: headless environment
at java.desktop/java.awt.Robot.checkHeadless(Robot.java:179)
at java.desktop/java.awt.Robot.<init>(Robot.java:96)
at utility.PDFUtility.downloadPDF(PDFUtility.java:48)
at PayrollTest.AL_Payroll_Rpt_DetailReportTest.aL_Payroll_Rpt_DetailReportTest(AL_Payroll_Rpt_DetailReportTest.java:74)
at java.base/java.util.ArrayList.forEach(ArrayList.java:1511)
... Removed 28 stack frames]]>
    </failure>
  </testcase> <!-- aL_Payroll_Rpt_DetailReportTest -->
</testsuite> <!-- 28. AL_Payroll_Rpt_DetailReportTest -->
