<?xml version="1.0" encoding="UTF-8"?>
<!-- Generated by org.testng.reporters.JUnitXMLReporter -->
<testsuite ignored="0" hostname="IITMSPC120" failures="0" tests="1" name="33. aL_Payroll_Trans_MW_IncrementArrearsCalculationTest" time="113.877" errors="0" timestamp="2025-01-15T10:14:38 IST">
  <testcase classname="PayrollTest.AL_Payroll_Trans_MW_IncrementArrearsCalculationTest" name="aL_Payroll_Trans_MW_IncrementArrearsCalculationTest" time="85.772"/>
</testsuite> <!-- 33. aL_Payroll_Trans_MW_IncrementArrearsCalculationTest -->
