<?xml version="1.0" encoding="UTF-8"?>
<!-- Generated by org.testng.reporters.JUnitXMLReporter -->
<testsuite ignored="0" hostname="IITMSPC120" failures="0" tests="1" name="5. AL_Payroll_Trans_MW_MonthlyChangeMasterFileTest" time="88.492" errors="0" timestamp="2025-01-15T01:27:03 IST">
  <testcase classname="PayrollTest.AL_Payroll_Trans_MW_MonthlyChangeMasterFileTest" name="aL_Payroll_Trans_MW_MonthlyChangeMasterFileTest" time="86.161"/>
</testsuite> <!-- 5. AL_Payroll_Trans_MW_MonthlyChangeMasterFileTest -->
