<?xml version="1.0" encoding="UTF-8"?>
<!-- Generated by org.testng.reporters.JUnitXMLReporter -->
<testsuite ignored="0" hostname="IITMSPC120" failures="0" tests="1" name="11. AL_Establishment_Rpt_LeaveReport_EmployeeWiseTest" time="101.255" errors="0" timestamp="2025-01-15T00:12:32 IST">
  <testcase classname="EstablishmentTest.AL_Establishment_Rpt_LeaveReport_EmployeeWiseTest" name="aL_Establishment_Rpt_LeaveReport_EmployeeWiseTest" time="96.701"/>
</testsuite> <!-- 11. AL_Establishment_Rpt_LeaveReport_EmployeeWiseTest -->
