<?xml version="1.0" encoding="UTF-8"?>
<!-- Generated by org.testng.reporters.JUnitXMLReporter -->
<testsuite ignored="0" hostname="IITMSPC120" failures="0" tests="1" name="13. AL_Establishment_Rpt_LeaveReport_type_ODTest" time="91.448" errors="0" timestamp="2025-01-15T00:15:29 IST">
  <testcase classname="EstablishmentTest.AL_Establishment_Rpt_LeaveReport_type_ODTest" name="aL_Establishment_Rpt_LeaveReport_type_ODTest" time="86.185"/>
</testsuite> <!-- 13. AL_Establishment_Rpt_LeaveReport_type_ODTest -->
