<?xml version="1.0" encoding="UTF-8"?>
<!-- Generated by org.testng.reporters.JUnitXMLReporter -->
<testsuite ignored="0" hostname="IITMSPC120" failures="0" tests="1" name="25. AL_Establishment_Trans_OrderGenerationTest" time="79.529" errors="0" timestamp="2025-01-15T00:34:43 IST">
  <testcase classname="EstablishmentTest.AL_Establishment_Trans_OrderGenerationTest" name="aL_Establishment_Trans_OrderGenerationTest" time="74.068"/>
</testsuite> <!-- 25. AL_Establishment_Trans_OrderGenerationTest -->
