<?xml version="1.0" encoding="UTF-8"?>
<!-- Generated by org.testng.reporters.JUnitXMLReporter -->
<testsuite ignored="0" hostname="IITMSPC120" failures="1" tests="1" name="AL_Academic_CR_OC_ElectiveCoursesIntakeTest" time="38.837" errors="0" timestamp="2024-12-20T20:08:55 IST">
  <testcase classname="RFCCAcademicTest.AL_Academic_CR_OC_ElectiveCoursesIntakeTest" name="aL_Academic_CR_OC_ElectiveCoursesIntakeTest" time="37.081">
    <failure type="java.lang.AssertionError" message="expected [Course Capacity Saved Successfully] but found [Please fill capacity for selected course.]">
      <![CDATA[java.lang.AssertionError: expected [Course Capacity Saved Successfully] but found [Please fill capacity for selected course.]
at RFCCAcademicTest.AL_Academic_CR_OC_ElectiveCoursesIntakeTest.aL_Academic_CR_OC_ElectiveCoursesIntakeTest(AL_Academic_CR_OC_ElectiveCoursesIntakeTest.java:98)
at java.base/java.util.ArrayList.forEach(ArrayList.java:1511)
... Removed 34 stack frames]]>
    </failure>
  </testcase> <!-- aL_Academic_CR_OC_ElectiveCoursesIntakeTest -->
</testsuite> <!-- AL_Academic_CR_OC_ElectiveCoursesIntakeTest -->
