<?xml version="1.0" encoding="UTF-8"?>
<!-- Generated by org.testng.reporters.JUnitXMLReporter -->
<testsuite ignored="0" hostname="IITMSPC120" failures="1" tests="1" name="AL_Administration_SRM_Transaction_ServicstatusreportTest" time="44.377" errors="0" timestamp="2025-01-03T21:18:30 IST">
  <testcase classname="AdministrationTest.AL_Administration_SRM_Transaction_ServicstatusreportTest" name="ServicRequestManagement_report" time="42.05">
    <failure type="java.lang.IndexOutOfBoundsException" message="Index 1 out of bounds for length 1">
      <![CDATA[java.lang.IndexOutOfBoundsException: Index 1 out of bounds for length 1
at java.base/jdk.internal.util.Preconditions.outOfBounds(Preconditions.java:64)
at java.base/jdk.internal.util.Preconditions.outOfBoundsCheckIndex(Preconditions.java:70)
at java.base/jdk.internal.util.Preconditions.checkIndex(Preconditions.java:266)
at java.base/java.util.Objects.checkIndex(Objects.java:361)
at java.base/java.util.ArrayList.get(ArrayList.java:427)
at utility.BaseClass.switchToNextWindow(BaseClass.java:181)
at AdministrationTest.AL_Administration_SRM_Transaction_ServicstatusreportTest.ServicRequestManagement_report(AL_Administration_SRM_Transaction_ServicstatusreportTest.java:122)
at java.base/java.util.ArrayList.forEach(ArrayList.java:1511)
... Removed 28 stack frames]]>
    </failure>
  </testcase> <!-- ServicRequestManagement_report -->
</testsuite> <!-- AL_Administration_SRM_Transaction_ServicstatusreportTest -->
