<?xml version="1.0" encoding="UTF-8"?>
<!-- Generated by org.testng.reporters.JUnitXMLReporter -->
<testsuite ignored="0" hostname="IITMSPC120" failures="0" tests="1" name="AL_Administration_VM_Trans_ItemPurchaseEntryTest" time="59.18" errors="0" timestamp="2025-01-03T21:14:11 IST">
  <testcase classname="AdministrationTest.AL_Administration_VM_Trans_ItemPurchaseEntryTest" name="aL_Administration_VM_Trans_ItemPurchaseEntryTest" time="57.638"/>
</testsuite> <!-- AL_Administration_VM_Trans_ItemPurchaseEntryTest -->
