<?xml version="1.0" encoding="UTF-8"?>
<!-- Generated by org.testng.reporters.JUnitXMLReporter -->
<testsuite ignored="0" hostname="IITMSPC120" failures="0" tests="1" name="AL_Establishment_Rpt_LeaveReport_type_LeaveTest" time="82.36" errors="0" timestamp="2024-12-31T20:49:04 IST">
  <testcase classname="EstablishmentTest.AL_Establishment_Reports_LeaveReport_type_LeaveTest" name="aL_Establishment_Reports_LeaveReport_type_LeaveTest" time="77.512"/>
</testsuite> <!-- AL_Establishment_Rpt_LeaveReport_type_LeaveTest -->
