<?xml version="1.0" encoding="UTF-8"?>
<!-- Generated by org.testng.reporters.JUnitXMLReporter -->
<testsuite ignored="0" hostname="IITMSPC120" failures="0" tests="1" name="AL_Establishment_Rpt_ODAndLeaveSummaryReportTest" time="117.766" errors="0" timestamp="2024-12-31T21:00:36 IST">
  <testcase classname="EstablishmentTest.AL_Establishment_Rpt_ODAndLeaveSummaryReportTest" name="aL_Establishment_Rpt_ODAndLeaveSummaryReportTest" time="113.068"/>
</testsuite> <!-- AL_Establishment_Rpt_ODAndLeaveSummaryReportTest -->
