<?xml version="1.0" encoding="UTF-8"?>
<!-- Generated by org.testng.reporters.JUnitXMLReporter -->
<testsuite ignored="0" hostname="IITMSPC120" failures="1" tests="1" name="AL_Establishment_Trans_EmployeeServiceBookTest" time="59.431" errors="0" timestamp="2024-12-31T20:39:04 IST">
  <testcase classname="EstablishmentTest.AL_Establishment_Trans_EmployeeServiceBookTest" name="aL_Establishment_Trans_EmployeeServiceBookTest" time="54.061">
    <failure type="java.lang.IllegalStateException" message="cannot open system clipboard">
      <![CDATA[java.lang.IllegalStateException: cannot open system clipboard
at java.desktop/sun.awt.windows.WClipboard.openClipboard(Native Method)
at java.desktop/sun.awt.windows.WClipboard.setContentsNative(WClipboard.java:75)
at java.desktop/sun.awt.datatransfer.SunClipboard.setContents(SunClipboard.java:105)
at EstablishmentTest.AL_Establishment_Trans_EmployeeServiceBookTest.aL_Establishment_Trans_EmployeeServiceBookTest(AL_Establishment_Trans_EmployeeServiceBookTest.java:113)
at java.base/java.util.ArrayList.forEach(ArrayList.java:1511)
... Removed 28 stack frames]]>
    </failure>
  </testcase> <!-- aL_Establishment_Trans_EmployeeServiceBookTest -->
</testsuite> <!-- AL_Establishment_Trans_EmployeeServiceBookTest -->
