<?xml version="1.0" encoding="UTF-8"?>
<!-- Generated by org.testng.reporters.JUnitXMLReporter -->
<testsuite ignored="0" hostname="IITMSPC120" failures="1" tests="1" name="AL_Examination_COE_IGradeEntry_SingleEntryTest" time="51.608" errors="0" timestamp="2024-12-31T21:39:11 IST">
  <testcase classname="ExaminationTest.AL_Examination_COE_IGradeEntry_SingleEntryTest" name="aL_Examination_COE_IGradeEntry_SingleEntryTest" time="49.794">
    <failure type="org.openqa.selenium.ElementClickInterceptedException" message="element click intercepted: Element &amp;lt;input type=&amp;quot;submit&amp;quot; name=&amp;quot;ctl00$ContentPlaceHolder1$btnSubmitSingle&amp;quot; value=&amp;quot;Submit&amp;quot; id=&amp;quot;ctl00_ContentPlaceHolder1_btnSubmitSingle&amp;quot; disabled=&amp;quot;disabled&amp;quot; tabindex=&amp;quot;1&amp;quot; class=&amp;quot;aspNetDisabled btn btn-primary&amp;quot;&amp;gt; is not clickable at point (801, 269). Other element would receive the click: &amp;lt;div id=&amp;quot;loader-img&amp;quot;&amp;gt;...&amp;lt;/div&amp;gt;
  (Session info: chrome=131.0.6778.205)
Build info: version: &amp;apos;4.22.0&amp;apos;, revision: &amp;apos;c5f3146703*&amp;apos;
System info: os.name: &amp;apos;Windows 10&amp;apos;, os.arch: &amp;apos;amd64&amp;apos;, os.version: &amp;apos;10.0&amp;apos;, java.version: &amp;apos;17.0.12&amp;apos;
Driver info: org.openqa.selenium.chrome.ChromeDriver
Command: [b0b9922452ed69376f927a9fa3454280, clickElement {id=f.0A653DBE1D44FB7B8F8594D7917A1363.d.7A56253FAD261EB3E32B0EB239F4E6A2.e.356}]
Capabilities {acceptInsecureCerts: false, browserName: chrome, browserVersion: 131.0.6778.205, chrome: {chromedriverVersion: 131.0.6778.204 (52183f9e99a..., userDataDir: C:\Users\Admin\AppData\Loca...}, fedcm:accounts: true, goog:chromeOptions: {debuggerAddress: localhost:52195}, networkConnectionEnabled: false, pageLoadStrategy: normal, platformName: windows, proxy: Proxy(), se:cdp: ws://localhost:52195/devtoo..., se:cdpVersion: 131.0.6778.205, setWindowRect: true, strictFileInteractability: false, timeouts: {implicit: 0, pageLoad: 300000, script: 30000}, unhandledPromptBehavior: dismiss and notify, webauthn:extension:credBlob: true, webauthn:extension:largeBlob: true, webauthn:extension:minPinLength: true, webauthn:extension:prf: true, webauthn:virtualAuthenticators: true}
Element: [[ChromeDriver: chrome on windows (b0b9922452ed69376f927a9fa3454280)] -&amp;gt; id: ctl00_ContentPlaceHolder1_btnSubmitSingle]
Session ID: b0b9922452ed69376f927a9fa3454280">
      <![CDATA[org.openqa.selenium.ElementClickInterceptedException: element click intercepted: Element <input type="submit" name="ctl00$ContentPlaceHolder1$btnSubmitSingle" value="Submit" id="ctl00_ContentPlaceHolder1_btnSubmitSingle" disabled="disabled" tabindex="1" class="aspNetDisabled btn btn-primary"> is not clickable at point (801, 269). Other element would receive the click: <div id="loader-img">...</div>
  (Session info: chrome=131.0.6778.205)
Build info: version: '4.22.0', revision: 'c5f3146703*'
System info: os.name: 'Windows 10', os.arch: 'amd64', os.version: '10.0', java.version: '17.0.12'
Driver info: org.openqa.selenium.chrome.ChromeDriver
Command: [b0b9922452ed69376f927a9fa3454280, clickElement {id=f.0A653DBE1D44FB7B8F8594D7917A1363.d.7A56253FAD261EB3E32B0EB239F4E6A2.e.356}]
Capabilities {acceptInsecureCerts: false, browserName: chrome, browserVersion: 131.0.6778.205, chrome: {chromedriverVersion: 131.0.6778.204 (52183f9e99a..., userDataDir: C:\Users\Admin\AppData\Loca...}, fedcm:accounts: true, goog:chromeOptions: {debuggerAddress: localhost:52195}, networkConnectionEnabled: false, pageLoadStrategy: normal, platformName: windows, proxy: Proxy(), se:cdp: ws://localhost:52195/devtoo..., se:cdpVersion: 131.0.6778.205, setWindowRect: true, strictFileInteractability: false, timeouts: {implicit: 0, pageLoad: 300000, script: 30000}, unhandledPromptBehavior: dismiss and notify, webauthn:extension:credBlob: true, webauthn:extension:largeBlob: true, webauthn:extension:minPinLength: true, webauthn:extension:prf: true, webauthn:virtualAuthenticators: true}
Element: [[ChromeDriver: chrome on windows (b0b9922452ed69376f927a9fa3454280)] -> id: ctl00_ContentPlaceHolder1_btnSubmitSingle]
Session ID: b0b9922452ed69376f927a9fa3454280
at org.openqa.selenium.remote.ErrorCodec.decode(ErrorCodec.java:167)
at org.openqa.selenium.remote.codec.w3c.W3CHttpResponseCodec.decode(W3CHttpResponseCodec.java:138)
at org.openqa.selenium.remote.codec.w3c.W3CHttpResponseCodec.decode(W3CHttpResponseCodec.java:50)
at org.openqa.selenium.remote.HttpCommandExecutor.execute(HttpCommandExecutor.java:190)
at org.openqa.selenium.remote.service.DriverCommandExecutor.invokeExecute(DriverCommandExecutor.java:216)
at org.openqa.selenium.remote.service.DriverCommandExecutor.execute(DriverCommandExecutor.java:174)
at org.openqa.selenium.remote.RemoteWebDriver.execute(RemoteWebDriver.java:518)
at org.openqa.selenium.remote.RemoteWebElement.execute(RemoteWebElement.java:223)
at org.openqa.selenium.remote.RemoteWebElement.click(RemoteWebElement.java:76)
at ExaminationTest.AL_Examination_COE_IGradeEntry_SingleEntryTest.aL_Examination_COE_IGradeEntry_SingleEntryTest(AL_Examination_COE_IGradeEntry_SingleEntryTest.java:98)
at java.base/java.util.ArrayList.forEach(ArrayList.java:1511)
... Removed 33 stack frames]]>
    </failure>
  </testcase> <!-- aL_Examination_COE_IGradeEntry_SingleEntryTest -->
</testsuite> <!-- AL_Examination_COE_IGradeEntry_SingleEntryTest -->
