<?xml version="1.0" encoding="UTF-8"?>
<!-- Generated by org.testng.reporters.JUnitXMLReporter -->
<testsuite ignored="0" hostname="IITMSPC120" failures="0" tests="1" name="AL_Establishment_Rpt_LeaveReport_type_ODTest" time="97.687" errors="0" timestamp="2024-12-31T20:46:15 IST">
  <testcase classname="EstablishmentTest.AL_Establishment_Reports_LeaveReport_type_ODTest" name="aL_Establishment_Reports_LeaveReport_type_ODTest" time="93.013"/>
</testsuite> <!-- AL_Establishment_Rpt_LeaveReport_type_ODTest -->
