<?xml version="1.0" encoding="UTF-8"?>
<!-- Generated by org.testng.reporters.JUnitXMLReporter -->
<testsuite ignored="0" hostname="IITMSPC120" failures="0" tests="1" name="FL_Academic_FR_TPE_CoreElectiveTeachingPlanTest" time="76.717" errors="0" timestamp="2024-12-20T20:03:53 IST">
  <testcase classname="RFCCAcademicTest.FL_Academic_FR_TPE_CoreElectiveTeachingPlanTest" name="fL_Academic_FR_TPE_CoreElectiveTeachingPlanTest" time="74.996"/>
</testsuite> <!-- FL_Academic_FR_TPE_CoreElectiveTeachingPlanTest -->
