<?xml version="1.0" encoding="UTF-8"?>
<!-- Generated by org.testng.reporters.JUnitXMLReporter -->
<testsuite ignored="0" hostname="IITMSPC120" failures="0" tests="1" name="16. AL_Establishment_Rpt_BioConsoRpt_InOutReportTest(failed)" time="133.659" errors="0" timestamp="2025-01-15T10:48:40 IST">
  <testcase classname="EstablishmentTest.AL_Establishment_Rpt_BioConsoRpt_InOutReportTest" name="aL_Establishment_Rpt_BioConsoRpt_InOutReportTest" time="103.588"/>
</testsuite> <!-- 16. AL_Establishment_Rpt_BioConsoRpt_InOutReportTest(failed) -->
