<?xml version="1.0" encoding="UTF-8"?>
<!-- Generated by org.testng.reporters.JUnitXMLReporter -->
<testsuite ignored="0" hostname="IITMSPC120" failures="0" tests="1" name="AL_Academic_CR_CancelCourseRegistrationTest(failed)" time="51.328" errors="0" timestamp="2024-12-18T10:19:53 IST">
  <testcase classname="RFCCAcademicTest.AL_Academic_CR_CancelCourseRegistrationTest" name="aL_Academic_CR_CancelCourseRegistrationTest" time="49.176"/>
</testsuite> <!-- AL_Academic_CR_CancelCourseRegistrationTest(failed) -->
