<?xml version="1.0" encoding="UTF-8"?>
<!-- Generated by org.testng.reporters.JUnitXMLReporter -->
<testsuite ignored="0" hostname="IITMSPC120" failures="0" tests="1" name="AL_Academic_CR_ModifyCourseRegistrationTest(failed)" time="110.66" errors="0" timestamp="2024-12-18T10:19:02 IST">
  <testcase classname="RFCCAcademicTest.AL_Academic_CR_ModifyCourseRegistrationTest" name="aL_Academic_CR_ModifyCourseRegistrationTest" time="97.41"/>
</testsuite> <!-- AL_Academic_CR_ModifyCourseRegistrationTest(failed) -->
