<?xml version="1.0" encoding="UTF-8"?>
<!-- Generated by org.testng.reporters.JUnitXMLReporter -->
<testsuite ignored="0" hostname="IITMSPC120" failures="1" tests="1" name="AL_Academic_Feedback_FeedbackQuestionTest(failed)" time="68.502" errors="0" timestamp="2024-11-21T20:49:44 IST">
  <testcase classname="RFCCAcademicTest.AL_Academic_Feedback_FeedbackQuestionTest" name="aL_Academic_Feedback_FeedbackQuestionTest" time="59.332">
    <failure type="org.openqa.selenium.ElementClickInterceptedException" message="element click intercepted: Element &amp;lt;input type=&amp;quot;submit&amp;quot; name=&amp;quot;ctl00$ContentPlaceHolder1$btnSubmit&amp;quot; value=&amp;quot;Submit&amp;quot; onclick=&amp;quot;javascript:WebForm_DoPostBackWithOptions(new WebForm_PostBackOptions(&amp;amp;quot;ctl00$ContentPlaceHolder1$btnSubmit&amp;amp;quot;, &amp;amp;quot;&amp;amp;quot;, true, &amp;amp;quot;FeedBack&amp;amp;quot;, &amp;amp;quot;&amp;amp;quot;, false, false))&amp;quot; id=&amp;quot;ctl00_ContentPlaceHolder1_btnSubmit&amp;quot; class=&amp;quot;btn btn-primary&amp;quot;&amp;gt; is not clickable at point (708, 567). Other element would receive the click: &amp;lt;div class=&amp;quot;float-lg-right float-center&amp;quot;&amp;gt;...&amp;lt;/div&amp;gt;
  (Session info: chrome=131.0.6778.71)
Build info: version: &amp;apos;4.22.0&amp;apos;, revision: &amp;apos;c5f3146703*&amp;apos;
System info: os.name: &amp;apos;Windows 10&amp;apos;, os.arch: &amp;apos;amd64&amp;apos;, os.version: &amp;apos;10.0&amp;apos;, java.version: &amp;apos;17.0.12&amp;apos;
Driver info: org.openqa.selenium.chrome.ChromeDriver
Command: [f7f66b8872eab361b814e7107bfd3ee9, clickElement {id=f.3708171F2CFB4365F123760765C1E54F.d.19311E74992813DE08DDE86949241175.e.5724}]
Capabilities {acceptInsecureCerts: false, browserName: chrome, browserVersion: 131.0.6778.71, chrome: {chromedriverVersion: 131.0.6778.85 (3d81e41b6f3a..., userDataDir: C:\Users\Admin\AppData\Loca...}, fedcm:accounts: true, goog:chromeOptions: {debuggerAddress: localhost:57369}, networkConnectionEnabled: false, pageLoadStrategy: normal, platformName: windows, proxy: Proxy(), se:cdp: ws://localhost:57369/devtoo..., se:cdpVersion: 131.0.6778.71, setWindowRect: true, strictFileInteractability: false, timeouts: {implicit: 0, pageLoad: 300000, script: 30000}, unhandledPromptBehavior: dismiss and notify, webauthn:extension:credBlob: true, webauthn:extension:largeBlob: true, webauthn:extension:minPinLength: true, webauthn:extension:prf: true, webauthn:virtualAuthenticators: true}
Element: [[ChromeDriver: chrome on windows (f7f66b8872eab361b814e7107bfd3ee9)] -&amp;gt; id: ctl00_ContentPlaceHolder1_btnSubmit]
Session ID: f7f66b8872eab361b814e7107bfd3ee9">
      <![CDATA[org.openqa.selenium.ElementClickInterceptedException: element click intercepted: Element <input type="submit" name="ctl00$ContentPlaceHolder1$btnSubmit" value="Submit" onclick="javascript:WebForm_DoPostBackWithOptions(new WebForm_PostBackOptions(&quot;ctl00$ContentPlaceHolder1$btnSubmit&quot;, &quot;&quot;, true, &quot;FeedBack&quot;, &quot;&quot;, false, false))" id="ctl00_ContentPlaceHolder1_btnSubmit" class="btn btn-primary"> is not clickable at point (708, 567). Other element would receive the click: <div class="float-lg-right float-center">...</div>
  (Session info: chrome=131.0.6778.71)
Build info: version: '4.22.0', revision: 'c5f3146703*'
System info: os.name: 'Windows 10', os.arch: 'amd64', os.version: '10.0', java.version: '17.0.12'
Driver info: org.openqa.selenium.chrome.ChromeDriver
Command: [f7f66b8872eab361b814e7107bfd3ee9, clickElement {id=f.3708171F2CFB4365F123760765C1E54F.d.19311E74992813DE08DDE86949241175.e.5724}]
Capabilities {acceptInsecureCerts: false, browserName: chrome, browserVersion: 131.0.6778.71, chrome: {chromedriverVersion: 131.0.6778.85 (3d81e41b6f3a..., userDataDir: C:\Users\Admin\AppData\Loca...}, fedcm:accounts: true, goog:chromeOptions: {debuggerAddress: localhost:57369}, networkConnectionEnabled: false, pageLoadStrategy: normal, platformName: windows, proxy: Proxy(), se:cdp: ws://localhost:57369/devtoo..., se:cdpVersion: 131.0.6778.71, setWindowRect: true, strictFileInteractability: false, timeouts: {implicit: 0, pageLoad: 300000, script: 30000}, unhandledPromptBehavior: dismiss and notify, webauthn:extension:credBlob: true, webauthn:extension:largeBlob: true, webauthn:extension:minPinLength: true, webauthn:extension:prf: true, webauthn:virtualAuthenticators: true}
Element: [[ChromeDriver: chrome on windows (f7f66b8872eab361b814e7107bfd3ee9)] -> id: ctl00_ContentPlaceHolder1_btnSubmit]
Session ID: f7f66b8872eab361b814e7107bfd3ee9
at org.openqa.selenium.remote.ErrorCodec.decode(ErrorCodec.java:167)
at org.openqa.selenium.remote.codec.w3c.W3CHttpResponseCodec.decode(W3CHttpResponseCodec.java:138)
at org.openqa.selenium.remote.codec.w3c.W3CHttpResponseCodec.decode(W3CHttpResponseCodec.java:50)
at org.openqa.selenium.remote.HttpCommandExecutor.execute(HttpCommandExecutor.java:190)
at org.openqa.selenium.remote.service.DriverCommandExecutor.invokeExecute(DriverCommandExecutor.java:216)
at org.openqa.selenium.remote.service.DriverCommandExecutor.execute(DriverCommandExecutor.java:174)
at org.openqa.selenium.remote.RemoteWebDriver.execute(RemoteWebDriver.java:518)
at org.openqa.selenium.remote.RemoteWebElement.execute(RemoteWebElement.java:223)
at org.openqa.selenium.remote.RemoteWebElement.click(RemoteWebElement.java:76)
at RFCCAcademicTest.AL_Academic_Feedback_FeedbackQuestionTest.aL_Academic_Feedback_FeedbackQuestionTest(AL_Academic_Feedback_FeedbackQuestionTest.java:131)
at java.base/java.util.ArrayList.forEach(ArrayList.java:1511)
... Removed 32 stack frames]]>
    </failure>
  </testcase> <!-- aL_Academic_Feedback_FeedbackQuestionTest -->
</testsuite> <!-- AL_Academic_Feedback_FeedbackQuestionTest(failed) -->
