<?xml version="1.0" encoding="UTF-8"?>
<!-- Generated by org.testng.reporters.JUnitXMLReporter -->
<testsuite ignored="0" hostname="IITMSPC120" failures="0" tests="1" name="31_AL_Examination_ER_StudentTopperList_ProgramBranchWiseFinalMeritListTest" time="61.015" errors="0" timestamp="2025-01-15T01:11:12 IST">
  <testcase classname="ExaminationTest.AL_Examination_ER_StudentTopperList_ProgramBranchWiseFinalMeritListTest" name="aL_Examination_ER_StudentTopperList_ProgramBranchWiseFinalMeritListTest" time="54.761"/>
</testsuite> <!-- 31_AL_Examination_ER_StudentTopperList_ProgramBranchWiseFinalMeritListTest -->
