<?xml version="1.0" encoding="UTF-8"?>
<!-- Generated by org.testng.reporters.JUnitXMLReporter -->
<testsuite ignored="0" hostname="IITMSPC120" failures="0" tests="1" name="32_AL_Examination_ER_StudentTopperList_TopperListTest" time="57.091" errors="0" timestamp="2025-01-15T01:12:09 IST">
  <testcase classname="ExaminationTest.AL_Examination_ER_StudentTopperList_TopperListTest" name="aL_Examination_ER_StudentTopperList_TopperListTest" time="54.968"/>
</testsuite> <!-- 32_AL_Examination_ER_StudentTopperList_TopperListTest -->
