<?xml version="1.0" encoding="UTF-8"?>
<!-- Generated by org.testng.reporters.JUnitXMLReporter -->
<testsuite ignored="0" hostname="IITMSPC120" failures="0" tests="1" name="33_FL_Examination_MarkEntry_EndSemMarkEntryTest" time="60.637" errors="0" timestamp="2025-01-15T01:13:10 IST">
  <testcase classname="ExaminationTest.FL_Examination_MarkEntry_EndSemMarkEntryTest" name="fL_Examination_MarkEntry_EndSemMarkEntryTest" time="58.917"/>
</testsuite> <!-- 33_FL_Examination_MarkEntry_EndSemMarkEntryTest -->
