<?xml version="1.0" encoding="UTF-8"?>
<!-- Generated by org.testng.reporters.JUnitXMLReporter -->
<testsuite ignored="0" hostname="IITMSPC120" failures="0" tests="1" name="37_AL_Examination_ER_AllExamMarkEntryStatusTest" time="51.925" errors="0" timestamp="2025-01-15T01:16:23 IST">
  <testcase classname="ExaminationTest.AL_Examination_ER_AllExamMarkEntryStatusTest" name="aL_Examination_ER_AllExamMarkEntryStatusTest" time="49.96"/>
</testsuite> <!-- 37_AL_Examination_ER_AllExamMarkEntryStatusTest -->
