<?xml version="1.0" encoding="UTF-8"?>
<!-- Generated by org.testng.reporters.JUnitXMLReporter -->
<testsuite ignored="0" hostname="IITMSPC120" failures="0" tests="1" name="AL_Establishment_Rpt_BioConsoRpt_InOutReportTest" time="91.424" errors="0" timestamp="2024-12-20T20:26:29 IST">
  <testcase classname="EstablishmentTest.AL_Establishment_Rpt_BioConsoRpt_InOutReportTest" name="aL_Establishment_Rpt_BioConsoRpt_InOutReportTest" time="90.017"/>
</testsuite> <!-- AL_Establishment_Rpt_BioConsoRpt_InOutReportTest -->
