<?xml version="1.0" encoding="UTF-8"?>
<!-- Generated by org.testng.reporters.JUnitXMLReporter -->
<testsuite ignored="0" hostname="IITMSPC120" failures="0" tests="1" name="AL_Establishment_Trans_DirectLeaveApplicationTest" time="96.563" errors="0" timestamp="2024-12-20T20:16:54 IST">
  <testcase classname="EstablishmentTest.AL_Establishment_Trans_DirectLeaveApplicationTest" name="al_Establishment_Trans_DirectLeaveApplication" time="95.04"/>
</testsuite> <!-- AL_Establishment_Trans_DirectLeaveApplicationTest -->
