<?xml version="1.0" encoding="UTF-8"?>
<!-- Generated by org.testng.reporters.JUnitXMLReporter -->
<testsuite ignored="0" hostname="IITMSPC120" failures="0" tests="1" name="AL_Establishment_Rpt_LeaveReport_EmployeeWiseTest" time="70.393" errors="0" timestamp="2024-12-20T20:19:38 IST">
  <testcase classname="EstablishmentTest.AL_Establishment_Reports_LeaveReport_EmployeeWiseTest" name="aL_Establishment_Reports_LeaveReport_EmployeeWiseTest" time="68.628"/>
</testsuite> <!-- AL_Establishment_Rpt_LeaveReport_EmployeeWiseTest -->
