<?xml version="1.0" encoding="UTF-8"?>
<!-- Generated by org.testng.reporters.JUnitXMLReporter -->
<testsuite ignored="0" hostname="IITMSPC120" failures="0" tests="1" name="AL_Establishment_Trans_AssignDefaultShiftTest" time="47.381" errors="0" timestamp="2024-12-20T20:14:28 IST">
  <testcase classname="EstablishmentTest.AL_Establishment_Trans_AssignDefaultShiftTest" name="aL_Establishment_Trans_AssignDefaultShiftTest" time="43.826"/>
</testsuite> <!-- AL_Establishment_Trans_AssignDefaultShiftTest -->
