<?xml version="1.0" encoding="UTF-8"?>
<!-- Generated by org.testng.reporters.JUnitXMLReporter -->
<testsuite ignored="0" hostname="IITMSPC120" failures="0" tests="1" name="AL_Establishment_Trans_PermissionApprovalTest" time="42.116" errors="0" timestamp="2024-12-20T20:38:14 IST">
  <testcase classname="EstablishmentTest.AL_Establishment_Trans_PermissionApprovalTest" name="aL_Establishment_Trans_PermissionApprovalTest" time="40.649"/>
</testsuite> <!-- AL_Establishment_Trans_PermissionApprovalTest -->
