<?xml version="1.0" encoding="UTF-8"?>
<!-- Generated by org.testng.reporters.JUnitXMLReporter -->
<testsuite ignored="0" hostname="IITMSPC120" failures="0" tests="1" name="FL_Establishment_Trans_EmployeeLeaveCardTest" time="88.094" errors="0" timestamp="2024-12-20T20:12:36 IST">
  <testcase classname="EstablishmentTest.FL_Establishment_Trans_EmployeeLeaveCardTest" name="fl_Establishment_Trans_EmployeeLeaveCardTest" time="83.052"/>
</testsuite> <!-- FL_Establishment_Trans_EmployeeLeaveCardTest -->
