<?xml version="1.0" encoding="UTF-8"?>
<!-- Generated by org.testng.reporters.JUnitXMLReporter -->
<testsuite ignored="0" hostname="IITMSPC120" failures="0" tests="1" name="FL_Examination_MarkEntry_EndSemMarkEntryTest" time="46.799" errors="0" timestamp="2024-12-20T21:22:36 IST">
  <testcase classname="ExaminationTest.FL_Examination_MarkEntry_EndSemMarkEntryTest" name="fL_Examination_MarkEntry_EndSemMarkEntryTest" time="45.228"/>
</testsuite> <!-- FL_Examination_MarkEntry_EndSemMarkEntryTest -->
