<?xml version="1.0" encoding="UTF-8"?>
<!-- Generated by org.testng.reporters.JUnitXMLReporter -->
<testsuite ignored="0" hostname="IITMSPC120" failures="0" tests="1" name="FL_Establishment_Trans_EmployeeLeaveCard_RequestForLeaveCancellationTest" time="32.99" errors="0" timestamp="2024-12-20T20:17:27 IST">
  <testcase classname="EstablishmentTest.FL_Establishment_Trans_EmployeeLeaveCard_RequestForLeaveCancellationTest" name="fL_Establishment_Trans_EmployeeLeaveCard_RequestForLeaveCancellationTest" time="31.371"/>
</testsuite> <!-- FL_Establishment_Trans_EmployeeLeaveCard_RequestForLeaveCancellationTest -->
