<?xml version="1.0" encoding="UTF-8"?>
<!-- Generated by org.testng.reporters.JUnitXMLReporter -->
<testsuite ignored="0" hostname="IITMSLP232" failures="0" tests="1" name="11. AL_Establishment_Rpt_LeaveReport_EmployeeWiseTest" time="98.633" errors="0" timestamp="2025-01-21T15:44:51 IST">
  <testcase classname="EstablishmentTest.AL_Establishment_Rpt_LeaveReport_EmployeeWiseTest" name="aL_Establishment_Rpt_LeaveReport_EmployeeWiseTest" time="88.295"/>
</testsuite> <!-- 11. AL_Establishment_Rpt_LeaveReport_EmployeeWiseTest -->
