<?xml version="1.0" encoding="UTF-8"?>
<!-- Generated by org.testng.reporters.JUnitXMLReporter -->
<testsuite ignored="0" hostname="IITMSLP232" failures="0" tests="1" name="12. AL_Establishment_Rpt_LeaveReport_type_LeaveTest" time="113.361" errors="0" timestamp="2025-01-21T15:46:45 IST">
  <testcase classname="EstablishmentTest.AL_Establishment_Rpt_LeaveReport_type_LeaveTest" name="aL_Establishment_Rpt_LeaveReport_type_LeaveTest" time="98.265"/>
</testsuite> <!-- 12. AL_Establishment_Rpt_LeaveReport_type_LeaveTest -->
