<?xml version="1.0" encoding="UTF-8"?>
<!-- Generated by org.testng.reporters.JUnitXMLReporter -->
<testsuite ignored="0" hostname="IITMSPC120" failures="1" tests="1" name="17. AL_Payroll_Rpt_EmployeeIDCardTest" time="78.22" errors="0" timestamp="2025-01-15T12:23:31 IST">
  <testcase classname="PayrollTest.AL_Payroll_Rpt_EmployeeIDCardTest" name="aL_Payroll_Rpt_EmployeeIDCardTest" time="66.573">
    <failure type="org.openqa.selenium.ElementClickInterceptedException" message="element click intercepted: Element &amp;lt;input id=&amp;quot;ctl00_ContentPlaceHolder1_lvPayhead_ctrl13_chkID&amp;quot; type=&amp;quot;checkbox&amp;quot; name=&amp;quot;ctl00$ContentPlaceHolder1$lvPayhead$ctrl13$chkID&amp;quot;&amp;gt; is not clickable at point (305, 583). Other element would receive the click: &amp;lt;footer id=&amp;quot;ctl00_dv_footer&amp;quot; class=&amp;quot;main-footer fixed-bottom text-center&amp;quot; style=&amp;quot;&amp;quot;&amp;gt;...&amp;lt;/footer&amp;gt;
  (Session info: chrome=131.0.6778.265)
Build info: version: &amp;apos;4.22.0&amp;apos;, revision: &amp;apos;c5f3146703*&amp;apos;
System info: os.name: &amp;apos;Windows 10&amp;apos;, os.arch: &amp;apos;amd64&amp;apos;, os.version: &amp;apos;10.0&amp;apos;, java.version: &amp;apos;17.0.12&amp;apos;
Driver info: org.openqa.selenium.chrome.ChromeDriver
Command: [787a5e5cf7d5e9598426e2732c04eae2, clickElement {id=f.91B17793B42739139854BD33D9FB0052.d.83788938B03F2A8D12CAF85020A250F8.e.70802}]
Capabilities {acceptInsecureCerts: false, browserName: chrome, browserVersion: 131.0.6778.265, chrome: {chromedriverVersion: 131.0.6778.264 (2d05e315153..., userDataDir: C:\Users\Admin\AppData\Loca...}, fedcm:accounts: true, goog:chromeOptions: {debuggerAddress: localhost:54905}, networkConnectionEnabled: false, pageLoadStrategy: normal, platformName: windows, proxy: Proxy(), se:cdp: ws://localhost:54905/devtoo..., se:cdpVersion: 131.0.6778.265, setWindowRect: true, strictFileInteractability: false, timeouts: {implicit: 0, pageLoad: 300000, script: 30000}, unhandledPromptBehavior: dismiss and notify, webauthn:extension:credBlob: true, webauthn:extension:largeBlob: true, webauthn:extension:minPinLength: true, webauthn:extension:prf: true, webauthn:virtualAuthenticators: true}
Element: [[ChromeDriver: chrome on windows (787a5e5cf7d5e9598426e2732c04eae2)] -&amp;gt; id: ctl00_ContentPlaceHolder1_lvPayhead_ctrl13_chkID]
Session ID: 787a5e5cf7d5e9598426e2732c04eae2">
      <![CDATA[org.openqa.selenium.ElementClickInterceptedException: element click intercepted: Element <input id="ctl00_ContentPlaceHolder1_lvPayhead_ctrl13_chkID" type="checkbox" name="ctl00$ContentPlaceHolder1$lvPayhead$ctrl13$chkID"> is not clickable at point (305, 583). Other element would receive the click: <footer id="ctl00_dv_footer" class="main-footer fixed-bottom text-center" style="">...</footer>
  (Session info: chrome=131.0.6778.265)
Build info: version: '4.22.0', revision: 'c5f3146703*'
System info: os.name: 'Windows 10', os.arch: 'amd64', os.version: '10.0', java.version: '17.0.12'
Driver info: org.openqa.selenium.chrome.ChromeDriver
Command: [787a5e5cf7d5e9598426e2732c04eae2, clickElement {id=f.91B17793B42739139854BD33D9FB0052.d.83788938B03F2A8D12CAF85020A250F8.e.70802}]
Capabilities {acceptInsecureCerts: false, browserName: chrome, browserVersion: 131.0.6778.265, chrome: {chromedriverVersion: 131.0.6778.264 (2d05e315153..., userDataDir: C:\Users\Admin\AppData\Loca...}, fedcm:accounts: true, goog:chromeOptions: {debuggerAddress: localhost:54905}, networkConnectionEnabled: false, pageLoadStrategy: normal, platformName: windows, proxy: Proxy(), se:cdp: ws://localhost:54905/devtoo..., se:cdpVersion: 131.0.6778.265, setWindowRect: true, strictFileInteractability: false, timeouts: {implicit: 0, pageLoad: 300000, script: 30000}, unhandledPromptBehavior: dismiss and notify, webauthn:extension:credBlob: true, webauthn:extension:largeBlob: true, webauthn:extension:minPinLength: true, webauthn:extension:prf: true, webauthn:virtualAuthenticators: true}
Element: [[ChromeDriver: chrome on windows (787a5e5cf7d5e9598426e2732c04eae2)] -> id: ctl00_ContentPlaceHolder1_lvPayhead_ctrl13_chkID]
Session ID: 787a5e5cf7d5e9598426e2732c04eae2
at org.openqa.selenium.remote.ErrorCodec.decode(ErrorCodec.java:167)
at org.openqa.selenium.remote.codec.w3c.W3CHttpResponseCodec.decode(W3CHttpResponseCodec.java:138)
at org.openqa.selenium.remote.codec.w3c.W3CHttpResponseCodec.decode(W3CHttpResponseCodec.java:50)
at org.openqa.selenium.remote.HttpCommandExecutor.execute(HttpCommandExecutor.java:190)
at org.openqa.selenium.remote.service.DriverCommandExecutor.invokeExecute(DriverCommandExecutor.java:216)
at org.openqa.selenium.remote.service.DriverCommandExecutor.execute(DriverCommandExecutor.java:174)
at org.openqa.selenium.remote.RemoteWebDriver.execute(RemoteWebDriver.java:518)
at org.openqa.selenium.remote.RemoteWebElement.execute(RemoteWebElement.java:223)
at org.openqa.selenium.remote.RemoteWebElement.click(RemoteWebElement.java:76)
at org.openqa.selenium.support.pagefactory.internal.LocatingElementHandler.invoke(LocatingElementHandler.java:51)
at jdk.proxy2/jdk.proxy2.$Proxy18.click(Unknown Source)
at Payroll.AL_Payroll_Rpt_EmployeeIDCard.EmployeeName(AL_Payroll_Rpt_EmployeeIDCard.java:82)
at PayrollTest.AL_Payroll_Rpt_EmployeeIDCardTest.aL_Payroll_Rpt_EmployeeIDCardTest(AL_Payroll_Rpt_EmployeeIDCardTest.java:65)
at java.base/java.util.ArrayList.forEach(ArrayList.java:1511)
... Removed 35 stack frames]]>
    </failure>
  </testcase> <!-- aL_Payroll_Rpt_EmployeeIDCardTest -->
</testsuite> <!-- 17. AL_Payroll_Rpt_EmployeeIDCardTest -->
