<?xml version="1.0" encoding="UTF-8"?>
<!-- Generated by org.testng.reporters.JUnitXMLReporter -->
<testsuite ignored="0" hostname="IITMSPC120" failures="0" tests="1" name="19_AL_Examination_ER_ExamReports_OverallSubPercentTest" time="109.491" errors="0" timestamp="2025-01-15T12:00:49 IST">
  <testcase classname="ExaminationTest.AL_Examination_ER_ExamReports_OverallSubPercentTest" name="aL_Examination_ER_ExamReports_OverallSubPercentTest" time="86.919"/>
</testsuite> <!-- 19_AL_Examination_ER_ExamReports_OverallSubPercentTest -->
