<?xml version="1.0" encoding="UTF-8"?>
<!-- Generated by org.testng.reporters.JUnitXMLReporter -->
<testsuite ignored="0" hostname="IITMSPC120" failures="0" tests="1" name="24_AL_Academic_AP_NoDuesCollectionTest" time="98.587" errors="0" timestamp="2025-01-20T19:52:25 IST">
  <testcase classname="RFCCAcademicTest.AL_Academic_AP_NoDuesCollectionTest" name="aL_Academic_AP_NoDuesCollectionTest" time="0.0">
    <skipped/>
  </testcase> <!-- aL_Academic_AP_NoDuesCollectionTest -->
</testsuite> <!-- 24_AL_Academic_AP_NoDuesCollectionTest -->
