<?xml version="1.0" encoding="UTF-8"?>
<!-- Generated by org.testng.reporters.JUnitXMLReporter -->
<testsuite ignored="0" hostname="IITMSPC120" failures="0" tests="1" name="26_AL_Academic_AP_NewStudentTest" time="4.895" errors="0" timestamp="2025-01-20T19:52:57 IST">
  <testcase classname="RFCCAcademicTest.AL_Academic_AP_NewStudentTest" name="aL_Academic_AP_NewStudentTest" time="0.0">
    <skipped/>
  </testcase> <!-- aL_Academic_AP_NewStudentTest -->
</testsuite> <!-- 26_AL_Academic_AP_NewStudentTest -->
