<?xml version="1.0" encoding="UTF-8"?>
<!-- Generated by org.testng.reporters.JUnitXMLReporter -->
<testsuite ignored="0" hostname="IITMSPC120" failures="0" tests="1" name="27_AL_Academic_AR_CertificateTest" time="4.86" errors="0" timestamp="2025-01-20T19:53:02 IST">
  <testcase classname="RFCCAcademicTest.AL_Academic_AR_CertificateTest" name="aL_Academic_AR_TransferCertificateTcTest" time="0.0">
    <skipped/>
  </testcase> <!-- aL_Academic_AR_TransferCertificateTcTest -->
</testsuite> <!-- 27_AL_Academic_AR_CertificateTest -->
