<?xml version="1.0" encoding="UTF-8"?>
<!-- Generated by org.testng.reporters.JUnitXMLReporter -->
<testsuite ignored="0" hostname="IITMSPC120" failures="0" tests="1" name="31_AL_Academic_CR_FacultyAdvisorAllotmentTest" time="4.978" errors="0" timestamp="2025-01-20T19:53:22 IST">
  <testcase classname="RFCCAcademicTest.AL_Academic_CR_FacultyAdvisorAllotmentTest" name="aL_Academic_CR_FacultyAdvisorAllotmentTest" time="0.0">
    <skipped/>
  </testcase> <!-- aL_Academic_CR_FacultyAdvisorAllotmentTest -->
</testsuite> <!-- 31_AL_Academic_CR_FacultyAdvisorAllotmentTest -->
