<?xml version="1.0" encoding="UTF-8"?>
<!-- Generated by org.testng.reporters.JUnitXMLReporter -->
<testsuite ignored="0" hostname="IITMSPC120" failures="0" tests="1" name="32_AL_Academic_FRR_FR_OverallOutstandingReportTest" time="75.896" errors="0" timestamp="2025-01-20T19:54:38 IST">
  <testcase classname="RFCCAcademicTest.AL_Academic_FRR_FR_OverallOutstandingReportTest" name="aL_Academic_FRR_FR_OverallOutstandingReportTest" time="60.941"/>
</testsuite> <!-- 32_AL_Academic_FRR_FR_OverallOutstandingReportTest -->
