<?xml version="1.0" encoding="UTF-8"?>
<!-- Generated by org.testng.reporters.JUnitXMLReporter -->
<testsuite ignored="0" hostname="IITMSPC120" failures="0" tests="1" name="39_AL_Academic_Feedback_FeedbackQuestionTest" time="94.497" errors="0" timestamp="2025-01-20T20:01:35 IST">
  <testcase classname="RFCCAcademicTest.AL_Academic_Feedback_FeedbackQuestionTest" name="aL_Academic_Feedback_FeedbackQuestionTest" time="0.001">
    <skipped/>
  </testcase> <!-- aL_Academic_Feedback_FeedbackQuestionTest -->
</testsuite> <!-- 39_AL_Academic_Feedback_FeedbackQuestionTest -->
