<?xml version="1.0" encoding="UTF-8"?>
<!-- Generated by org.testng.reporters.JUnitXMLReporter -->
<testsuite ignored="0" hostname="IITMSLP232" failures="0" tests="1" name="4. AL_Establishment_Trans_LeaveApprovalRejectTest" time="66.882" errors="0" timestamp="2025-01-21T15:34:20 IST">
  <testcase classname="EstablishmentTest.AL_Establishment_Trans_LeaveApprovalRejectTest" name="aL_Establishment_Trans_LeaveApprovalRejectTest" time="56.451"/>
</testsuite> <!-- 4. AL_Establishment_Trans_LeaveApprovalRejectTest -->
