<?xml version="1.0" encoding="UTF-8"?>
<!-- Generated by org.testng.reporters.JUnitXMLReporter -->
<testsuite ignored="0" hostname="IITMSPC120" failures="0" tests="1" name="40_AL_Academic_AM_TimeTableReportTest" time="102.382" errors="0" timestamp="2025-01-20T20:03:18 IST">
  <testcase classname="RFCCAcademicTest.AL_Academic_AM_TimeTableReportTest" name="aL_Academic_AM_TimeTableReportTest" time="0.0">
    <skipped/>
  </testcase> <!-- aL_Academic_AM_TimeTableReportTest -->
</testsuite> <!-- 40_AL_Academic_AM_TimeTableReportTest -->
