<?xml version="1.0" encoding="UTF-8"?>
<!-- Generated by org.testng.reporters.JUnitXMLReporter -->
<testsuite ignored="0" hostname="IITMSPC120" failures="0" tests="1" name="41_AL_Academic_AM_RevisedTimeTableTest" time="4.949" errors="0" timestamp="2025-01-20T20:03:23 IST">
  <testcase classname="RFCCAcademicTest.AL_Academic_AM_RevisedTimeTableTest" name="aL_Academic_AM_RevisedTimeTableTest" time="0.0">
    <skipped/>
  </testcase> <!-- aL_Academic_AM_RevisedTimeTableTest -->
</testsuite> <!-- 41_AL_Academic_AM_RevisedTimeTableTest -->
