<?xml version="1.0" encoding="UTF-8"?>
<!-- Generated by org.testng.reporters.JUnitXMLReporter -->
<testsuite ignored="0" hostname="IITMSPC120" failures="0" tests="1" name="42_AL_Academic_CR_BulkCourseRegistrationTest" time="4.933" errors="0" timestamp="2025-01-20T20:03:28 IST">
  <testcase classname="RFCCAcademicTest.AL_Academic_CR_BulkCourseRegistrationTest" name="aL_Academic_CR_BulkCourseRegistrationTest" time="0.0">
    <skipped/>
  </testcase> <!-- aL_Academic_CR_BulkCourseRegistrationTest -->
</testsuite> <!-- 42_AL_Academic_CR_BulkCourseRegistrationTest -->
