<?xml version="1.0" encoding="UTF-8"?>
<!-- Generated by org.testng.reporters.JUnitXMLReporter -->
<testsuite ignored="0" hostname="IITMSPC120" failures="1" tests="1" name="48_AL_Academic_FR_ChallanReconciliationTest" time="58.83" errors="0" timestamp="2025-01-20T20:07:07 IST">
  <testcase classname="RFCCAcademicTest.AL_Academic_FR_ChallanReconciliationTest" name="aL_Academic_FR_ChallanReconciliationTest" time="53.184">
    <failure type="org.openqa.selenium.ElementClickInterceptedException" message="element click intercepted: Element &amp;lt;input type=&amp;quot;submit&amp;quot; name=&amp;quot;ctl00$ContentPlaceHolder1$btnview&amp;quot; value=&amp;quot;View Challan&amp;quot; onclick=&amp;quot;javascript:WebForm_DoPostBackWithOptions(new WebForm_PostBackOptions(&amp;amp;quot;ctl00$ContentPlaceHolder1$btnview&amp;amp;quot;, &amp;amp;quot;&amp;amp;quot;, true, &amp;amp;quot;submitstatus&amp;amp;quot;, &amp;amp;quot;&amp;amp;quot;, false, false))&amp;quot; id=&amp;quot;ctl00_ContentPlaceHolder1_btnview&amp;quot; class=&amp;quot;btn btn-primary&amp;quot;&amp;gt; is not clickable at point (810, 198). Other element would receive the click: &amp;lt;div id=&amp;quot;preloader&amp;quot;&amp;gt;...&amp;lt;/div&amp;gt;
  (Session info: chrome=131.0.6778.265)
Build info: version: &amp;apos;4.22.0&amp;apos;, revision: &amp;apos;c5f3146703*&amp;apos;
System info: os.name: &amp;apos;Windows 10&amp;apos;, os.arch: &amp;apos;amd64&amp;apos;, os.version: &amp;apos;10.0&amp;apos;, java.version: &amp;apos;17.0.12&amp;apos;
Driver info: org.openqa.selenium.chrome.ChromeDriver
Command: [b662850c7ed3d4043380cc87e1e30d56, clickElement {id=f.05CEF15B247E4D0DD64AB77FF5738297.d.43908E3F4750D5F7BA65BF9051850612.e.387}]
Capabilities {acceptInsecureCerts: false, browserName: chrome, browserVersion: 131.0.6778.265, chrome: {chromedriverVersion: 131.0.6778.264 (2d05e315153..., userDataDir: C:\Users\Admin\AppData\Loca...}, fedcm:accounts: true, goog:chromeOptions: {debuggerAddress: localhost:53350}, networkConnectionEnabled: false, pageLoadStrategy: normal, platformName: windows, proxy: Proxy(), se:cdp: ws://localhost:53350/devtoo..., se:cdpVersion: 131.0.6778.265, setWindowRect: true, strictFileInteractability: false, timeouts: {implicit: 0, pageLoad: 300000, script: 30000}, unhandledPromptBehavior: dismiss and notify, webauthn:extension:credBlob: true, webauthn:extension:largeBlob: true, webauthn:extension:minPinLength: true, webauthn:extension:prf: true, webauthn:virtualAuthenticators: true}
Element: [[ChromeDriver: chrome on windows (b662850c7ed3d4043380cc87e1e30d56)] -&amp;gt; id: ctl00_ContentPlaceHolder1_btnview]
Session ID: b662850c7ed3d4043380cc87e1e30d56">
      <![CDATA[org.openqa.selenium.ElementClickInterceptedException: element click intercepted: Element <input type="submit" name="ctl00$ContentPlaceHolder1$btnview" value="View Challan" onclick="javascript:WebForm_DoPostBackWithOptions(new WebForm_PostBackOptions(&quot;ctl00$ContentPlaceHolder1$btnview&quot;, &quot;&quot;, true, &quot;submitstatus&quot;, &quot;&quot;, false, false))" id="ctl00_ContentPlaceHolder1_btnview" class="btn btn-primary"> is not clickable at point (810, 198). Other element would receive the click: <div id="preloader">...</div>
  (Session info: chrome=131.0.6778.265)
Build info: version: '4.22.0', revision: 'c5f3146703*'
System info: os.name: 'Windows 10', os.arch: 'amd64', os.version: '10.0', java.version: '17.0.12'
Driver info: org.openqa.selenium.chrome.ChromeDriver
Command: [b662850c7ed3d4043380cc87e1e30d56, clickElement {id=f.05CEF15B247E4D0DD64AB77FF5738297.d.43908E3F4750D5F7BA65BF9051850612.e.387}]
Capabilities {acceptInsecureCerts: false, browserName: chrome, browserVersion: 131.0.6778.265, chrome: {chromedriverVersion: 131.0.6778.264 (2d05e315153..., userDataDir: C:\Users\Admin\AppData\Loca...}, fedcm:accounts: true, goog:chromeOptions: {debuggerAddress: localhost:53350}, networkConnectionEnabled: false, pageLoadStrategy: normal, platformName: windows, proxy: Proxy(), se:cdp: ws://localhost:53350/devtoo..., se:cdpVersion: 131.0.6778.265, setWindowRect: true, strictFileInteractability: false, timeouts: {implicit: 0, pageLoad: 300000, script: 30000}, unhandledPromptBehavior: dismiss and notify, webauthn:extension:credBlob: true, webauthn:extension:largeBlob: true, webauthn:extension:minPinLength: true, webauthn:extension:prf: true, webauthn:virtualAuthenticators: true}
Element: [[ChromeDriver: chrome on windows (b662850c7ed3d4043380cc87e1e30d56)] -> id: ctl00_ContentPlaceHolder1_btnview]
Session ID: b662850c7ed3d4043380cc87e1e30d56
at org.openqa.selenium.remote.ErrorCodec.decode(ErrorCodec.java:167)
at org.openqa.selenium.remote.codec.w3c.W3CHttpResponseCodec.decode(W3CHttpResponseCodec.java:138)
at org.openqa.selenium.remote.codec.w3c.W3CHttpResponseCodec.decode(W3CHttpResponseCodec.java:50)
at org.openqa.selenium.remote.HttpCommandExecutor.execute(HttpCommandExecutor.java:190)
at org.openqa.selenium.remote.service.DriverCommandExecutor.invokeExecute(DriverCommandExecutor.java:216)
at org.openqa.selenium.remote.service.DriverCommandExecutor.execute(DriverCommandExecutor.java:174)
at org.openqa.selenium.remote.RemoteWebDriver.execute(RemoteWebDriver.java:518)
at org.openqa.selenium.remote.RemoteWebElement.execute(RemoteWebElement.java:223)
at org.openqa.selenium.remote.RemoteWebElement.click(RemoteWebElement.java:76)
at org.openqa.selenium.support.pagefactory.internal.LocatingElementHandler.invoke(LocatingElementHandler.java:51)
at jdk.proxy2/jdk.proxy2.$Proxy18.click(Unknown Source)
at RFCCAcademic.AL_Academics_FR_ChallanReconciliation.ViewChallan(AL_Academics_FR_ChallanReconciliation.java:68)
at RFCCAcademicTest.AL_Academic_FR_ChallanReconciliationTest.aL_Academic_FR_ChallanReconciliationTest(AL_Academic_FR_ChallanReconciliationTest.java:60)
at java.base/java.util.ArrayList.forEach(ArrayList.java:1511)
... Removed 36 stack frames]]>
    </failure>
  </testcase> <!-- aL_Academic_FR_ChallanReconciliationTest -->
</testsuite> <!-- 48_AL_Academic_FR_ChallanReconciliationTest -->
