<?xml version="1.0" encoding="UTF-8"?>
<!-- Generated by org.testng.reporters.JUnitXMLReporter -->
<testsuite ignored="0" hostname="IITMSPC120" failures="0" tests="1" name="57_AL_Academic_CR_OC_ElectiveCoursesIntakeTest" time="44.247" errors="0" timestamp="2025-01-20T20:15:42 IST">
  <testcase classname="RFCCAcademicTest.AL_Academic_CR_OC_ElectiveCoursesIntakeTest" name="aL_Academic_CR_OC_ElectiveCoursesIntakeTest" time="42.36"/>
</testsuite> <!-- 57_AL_Academic_CR_OC_ElectiveCoursesIntakeTest -->
