<?xml version="1.0" encoding="UTF-8"?>
<!-- Generated by org.testng.reporters.JUnitXMLReporter -->
<testsuite ignored="0" hostname="IITMSPC120" failures="0" tests="1" name="63_AL_Academic_CR_CancelElectiveCourseRegistrationTest" time="51.265" errors="0" timestamp="2025-01-20T20:22:46 IST">
  <testcase classname="RFCCAcademicTest.AL_Academic_CR_CancelElectiveCourseRegistrationTest" name="aL_Academic_CR_CancelElectiveCourseRegistrationTest" time="49.227"/>
</testsuite> <!-- 63_AL_Academic_CR_CancelElectiveCourseRegistrationTest -->
