<?xml version="1.0" encoding="UTF-8"?>
<!-- Generated by org.testng.reporters.JUnitXMLReporter -->
<testsuite ignored="0" hostname="IITMSLP232" failures="0" tests="1" name="7. AL_Establishment_Rpt_BiometricSummaryReportTest" time="81.928" errors="0" timestamp="2025-01-21T15:38:33 IST">
  <testcase classname="EstablishmentTest.AL_Establishment_Rpt_BiometricSummaryReportTest" name="aL_Establishment_Rpt_BiometricSummaryReportTest" time="67.953"/>
</testsuite> <!-- 7. AL_Establishment_Rpt_BiometricSummaryReportTest -->
