<?xml version="1.0" encoding="UTF-8"?>
<!-- Generated by org.testng.reporters.JUnitXMLReporter -->
<testsuite ignored="0" hostname="IITMSPC120" failures="1" tests="1" name="AL_Academic_AR_StudentAdmissionRegisterReportTest" time="49.091" errors="0" timestamp="2024-12-31T20:04:44 IST">
  <testcase classname="RFCCAcademicTest.AL_Academic_AR_StudentAdmissionRegisterReportTest" name="aL_Academic_AR_StudentAdmissionRegisterReportTest" time="46.385">
    <failure type="org.openqa.selenium.ElementClickInterceptedException" message="element click intercepted: Element &amp;lt;input type=&amp;quot;submit&amp;quot; name=&amp;quot;ctl00$ContentPlaceHolder1$btnRegReport&amp;quot; value=&amp;quot;Admission Roll List&amp;quot; onclick=&amp;quot;javascript:WebForm_DoPostBackWithOptions(new WebForm_PostBackOptions(&amp;amp;quot;ctl00$ContentPlaceHolder1$btnRegReport&amp;amp;quot;, &amp;amp;quot;&amp;amp;quot;, true, &amp;amp;quot;report&amp;amp;quot;, &amp;amp;quot;&amp;amp;quot;, false, false))&amp;quot; id=&amp;quot;ctl00_ContentPlaceHolder1_btnRegReport&amp;quot; tabindex=&amp;quot;11&amp;quot; class=&amp;quot;btn btn-info&amp;quot;&amp;gt; is not clickable at point (547, 332). Other element would receive the click: &amp;lt;div id=&amp;quot;preloader&amp;quot;&amp;gt;...&amp;lt;/div&amp;gt;
  (Session info: chrome=131.0.6778.205)
Build info: version: &amp;apos;4.22.0&amp;apos;, revision: &amp;apos;c5f3146703*&amp;apos;
System info: os.name: &amp;apos;Windows 10&amp;apos;, os.arch: &amp;apos;amd64&amp;apos;, os.version: &amp;apos;10.0&amp;apos;, java.version: &amp;apos;17.0.12&amp;apos;
Driver info: org.openqa.selenium.chrome.ChromeDriver
Command: [11fad36e083ab32f347cec846dd04c4e, clickElement {id=f.3EC459D1C7CFEAFFAFE6D93F9B721EE0.d.5B4056E697A33F853A1329EADD801B2B.e.414}]
Capabilities {acceptInsecureCerts: false, browserName: chrome, browserVersion: 131.0.6778.205, chrome: {chromedriverVersion: 131.0.6778.204 (52183f9e99a..., userDataDir: C:\Users\Admin\AppData\Loca...}, fedcm:accounts: true, goog:chromeOptions: {debuggerAddress: localhost:61396}, networkConnectionEnabled: false, pageLoadStrategy: normal, platformName: windows, proxy: Proxy(), se:cdp: ws://localhost:61396/devtoo..., se:cdpVersion: 131.0.6778.205, setWindowRect: true, strictFileInteractability: false, timeouts: {implicit: 0, pageLoad: 300000, script: 30000}, unhandledPromptBehavior: dismiss and notify, webauthn:extension:credBlob: true, webauthn:extension:largeBlob: true, webauthn:extension:minPinLength: true, webauthn:extension:prf: true, webauthn:virtualAuthenticators: true}
Element: [[ChromeDriver: chrome on windows (11fad36e083ab32f347cec846dd04c4e)] -&amp;gt; id: ctl00_ContentPlaceHolder1_btnRegReport]
Session ID: 11fad36e083ab32f347cec846dd04c4e">
      <![CDATA[org.openqa.selenium.ElementClickInterceptedException: element click intercepted: Element <input type="submit" name="ctl00$ContentPlaceHolder1$btnRegReport" value="Admission Roll List" onclick="javascript:WebForm_DoPostBackWithOptions(new WebForm_PostBackOptions(&quot;ctl00$ContentPlaceHolder1$btnRegReport&quot;, &quot;&quot;, true, &quot;report&quot;, &quot;&quot;, false, false))" id="ctl00_ContentPlaceHolder1_btnRegReport" tabindex="11" class="btn btn-info"> is not clickable at point (547, 332). Other element would receive the click: <div id="preloader">...</div>
  (Session info: chrome=131.0.6778.205)
Build info: version: '4.22.0', revision: 'c5f3146703*'
System info: os.name: 'Windows 10', os.arch: 'amd64', os.version: '10.0', java.version: '17.0.12'
Driver info: org.openqa.selenium.chrome.ChromeDriver
Command: [11fad36e083ab32f347cec846dd04c4e, clickElement {id=f.3EC459D1C7CFEAFFAFE6D93F9B721EE0.d.5B4056E697A33F853A1329EADD801B2B.e.414}]
Capabilities {acceptInsecureCerts: false, browserName: chrome, browserVersion: 131.0.6778.205, chrome: {chromedriverVersion: 131.0.6778.204 (52183f9e99a..., userDataDir: C:\Users\Admin\AppData\Loca...}, fedcm:accounts: true, goog:chromeOptions: {debuggerAddress: localhost:61396}, networkConnectionEnabled: false, pageLoadStrategy: normal, platformName: windows, proxy: Proxy(), se:cdp: ws://localhost:61396/devtoo..., se:cdpVersion: 131.0.6778.205, setWindowRect: true, strictFileInteractability: false, timeouts: {implicit: 0, pageLoad: 300000, script: 30000}, unhandledPromptBehavior: dismiss and notify, webauthn:extension:credBlob: true, webauthn:extension:largeBlob: true, webauthn:extension:minPinLength: true, webauthn:extension:prf: true, webauthn:virtualAuthenticators: true}
Element: [[ChromeDriver: chrome on windows (11fad36e083ab32f347cec846dd04c4e)] -> id: ctl00_ContentPlaceHolder1_btnRegReport]
Session ID: 11fad36e083ab32f347cec846dd04c4e
at org.openqa.selenium.remote.ErrorCodec.decode(ErrorCodec.java:167)
at org.openqa.selenium.remote.codec.w3c.W3CHttpResponseCodec.decode(W3CHttpResponseCodec.java:138)
at org.openqa.selenium.remote.codec.w3c.W3CHttpResponseCodec.decode(W3CHttpResponseCodec.java:50)
at org.openqa.selenium.remote.HttpCommandExecutor.execute(HttpCommandExecutor.java:190)
at org.openqa.selenium.remote.service.DriverCommandExecutor.invokeExecute(DriverCommandExecutor.java:216)
at org.openqa.selenium.remote.service.DriverCommandExecutor.execute(DriverCommandExecutor.java:174)
at org.openqa.selenium.remote.RemoteWebDriver.execute(RemoteWebDriver.java:518)
at org.openqa.selenium.remote.RemoteWebElement.execute(RemoteWebElement.java:223)
at org.openqa.selenium.remote.RemoteWebElement.click(RemoteWebElement.java:76)
at RFCCAcademicTest.AL_Academic_AR_StudentAdmissionRegisterReportTest.aL_Academic_AR_StudentAdmissionRegisterReportTest(AL_Academic_AR_StudentAdmissionRegisterReportTest.java:90)
at java.base/java.util.ArrayList.forEach(ArrayList.java:1511)
... Removed 33 stack frames]]>
    </failure>
  </testcase> <!-- aL_Academic_AR_StudentAdmissionRegisterReportTest -->
</testsuite> <!-- AL_Academic_AR_StudentAdmissionRegisterReportTest -->
