<?xml version="1.0" encoding="UTF-8"?>
<!-- Generated by org.testng.reporters.JUnitXMLReporter -->
<testsuite ignored="0" hostname="IITMSPC120" failures="1" tests="1" name="AL_Academic_FR_CancelReceiptTest" time="54.204" errors="0" timestamp="2024-12-31T20:29:39 IST">
  <testcase classname="RFCCAcademicTest.AL_Academic_FR_CancelReceiptTest" name="aL_Academic_FR_ReprintOrCancelReceiptTest" time="48.425">
    <failure type="java.lang.IndexOutOfBoundsException" message="Index 1 out of bounds for length 1">
      <![CDATA[java.lang.IndexOutOfBoundsException: Index 1 out of bounds for length 1
at java.base/jdk.internal.util.Preconditions.outOfBounds(Preconditions.java:64)
at java.base/jdk.internal.util.Preconditions.outOfBoundsCheckIndex(Preconditions.java:70)
at java.base/jdk.internal.util.Preconditions.checkIndex(Preconditions.java:266)
at java.base/java.util.Objects.checkIndex(Objects.java:361)
at java.base/java.util.ArrayList.get(ArrayList.java:427)
at utility.BaseClass.switchToNextWindow(BaseClass.java:181)
at RFCCAcademicTest.AL_Academic_FR_CancelReceiptTest.aL_Academic_FR_ReprintOrCancelReceiptTest(AL_Academic_FR_CancelReceiptTest.java:107)
at java.base/java.util.ArrayList.forEach(ArrayList.java:1511)
... Removed 28 stack frames]]>
    </failure>
  </testcase> <!-- aL_Academic_FR_ReprintOrCancelReceiptTest -->
</testsuite> <!-- AL_Academic_FR_CancelReceiptTest -->
