<?xml version="1.0" encoding="UTF-8"?>
<!-- Generated by org.testng.reporters.JUnitXMLReporter -->
<testsuite ignored="0" hostname="IITMSPC120" failures="0" tests="1" name="AL_Establishment_Rpt_LeaveReport_EmployeeWiseTest" time="77.794" errors="0" timestamp="2025-01-03T19:51:22 IST">
  <testcase classname="EstablishmentTest.AL_Establishment_Reports_LeaveReport_EmployeeWiseTest" name="aL_Establishment_Reports_LeaveReport_EmployeeWiseTest" time="75.956"/>
</testsuite> <!-- AL_Establishment_Rpt_LeaveReport_EmployeeWiseTest -->
