<?xml version="1.0" encoding="UTF-8"?>
<!-- Generated by org.testng.reporters.JUnitXMLReporter -->
<testsuite ignored="0" hostname="IITMSPC120" failures="0" tests="1" name="AL_Establishment_Trans_EmployeeServiceBookTest" time="66.059" errors="0" timestamp="2025-01-03T19:46:54 IST">
  <testcase classname="EstablishmentTest.AL_Establishment_Trans_EmployeeServiceBookTest" name="aL_Establishment_Trans_EmployeeServiceBookTest" time="63.349"/>
</testsuite> <!-- AL_Establishment_Trans_EmployeeServiceBookTest -->
