<?xml version="1.0" encoding="UTF-8"?>
<!-- Generated by org.testng.reporters.JUnitXMLReporter -->
<testsuite ignored="0" hostname="IITMSPC120" failures="0" tests="1" name="AL_Examination_ER_MarksEntryDetailReportTest" time="52.081" errors="0" timestamp="2025-01-03T21:08:17 IST">
  <testcase classname="ExaminationTest.AL_Examination_ER_MarksEntryDetailReportTest" name="aL_Examination_ER_MarksEntryDetailReportTest" time="50.332"/>
</testsuite> <!-- AL_Examination_ER_MarksEntryDetailReportTest -->
