<?xml version="1.0" encoding="UTF-8"?>
<!-- Generated by org.testng.reporters.JUnitXMLReporter -->
<testsuite ignored="0" hostname="IITMSPC120" failures="0" tests="1" name="AL_Examination_ER_StudentTopperList_MeritListTest" time="56.291" errors="0" timestamp="2025-01-03T21:01:41 IST">
  <testcase classname="ExaminationTest.AL_Examination_ER_StudentTopperList_MeritListTest" name="aL_Examination_ER_StudentTopperList_MeritList" time="52.612"/>
</testsuite> <!-- AL_Examination_ER_StudentTopperList_MeritListTest -->
