<?xml version="1.0" encoding="UTF-8"?>
<!-- Generated by org.testng.reporters.JUnitXMLReporter -->
<testsuite ignored="0" hostname="IITMSPC120" failures="0" tests="1" name="AL_Examination_ER_AllExamMarkEntryStatusTest" time="42.326" errors="0" timestamp="2025-01-03T21:09:37 IST">
  <testcase classname="ExaminationTest.AL_Examination_ER_AllExamMarkEntryStatusTest" name="aL_Examination_ER_AllExamMarkEntryStatusTest" time="40.769"/>
</testsuite> <!-- AL_Examination_ER_AllExamMarkEntryStatusTest -->
