<?xml version="1.0" encoding="UTF-8"?>
<!-- Generated by org.testng.reporters.JUnitXMLReporter -->
<testsuite ignored="0" hostname="IITMSPC120" failures="1" tests="1" name="AL_Stores_Rpt_PS_ItemMainGroupPerticularTest" time="88.96" errors="0" timestamp="2025-01-20T20:33:24 IST">
  <testcase classname="StoresTest.AL_Stores_Rpt_PS_ItemMainGroupPerticularTest" name="aL_Stores_Rpt_PS_ItemMainGroupPerticularTest" time="84.334">
    <failure type="java.io.FileNotFoundException" message="C:\RFCCC Project\RF_Common_Code_LIVE\DownloadPDFs\Store - PS - Main Group Wise Purchase Item.pdf (The system cannot find the file specified)">
      <![CDATA[java.io.FileNotFoundException: C:\RFCCC Project\RF_Common_Code_LIVE\DownloadPDFs\Store - PS - Main Group Wise Purchase Item.pdf (The system cannot find the file specified)
at java.base/java.io.RandomAccessFile.open0(Native Method)
at java.base/java.io.RandomAccessFile.open(RandomAccessFile.java:344)
at java.base/java.io.RandomAccessFile.<init>(RandomAccessFile.java:259)
at java.base/java.io.RandomAccessFile.<init>(RandomAccessFile.java:213)
at org.apache.pdfbox.io.RandomAccessBufferedFileInputStream.<init>(RandomAccessBufferedFileInputStream.java:100)
at org.apache.pdfbox.pdmodel.PDDocument.load(PDDocument.java:1090)
at org.apache.pdfbox.pdmodel.PDDocument.load(PDDocument.java:1052)
at org.apache.pdfbox.pdmodel.PDDocument.load(PDDocument.java:1000)
at utility.PDFUtility.readPDF(PDFUtility.java:31)
at StoresTest.AL_Stores_Rpt_PS_ItemMainGroupPerticularTest.aL_Stores_Rpt_PS_ItemMainGroupPerticularTest(AL_Stores_Rpt_PS_ItemMainGroupPerticularTest.java:81)
at java.base/java.util.ArrayList.forEach(ArrayList.java:1511)
... Removed 27 stack frames]]>
    </failure>
  </testcase> <!-- aL_Stores_Rpt_PS_ItemMainGroupPerticularTest -->
</testsuite> <!-- AL_Stores_Rpt_PS_ItemMainGroupPerticularTest -->
