<?xml version="1.0" encoding="UTF-8"?>
<!-- Generated by org.testng.reporters.JUnitXMLReporter -->
<testsuite ignored="0" hostname="IITMSPC120" failures="0" tests="1" name="Test 17: FL_ELearning_Trans_DeleteLectureNotesTest" time="76.004" errors="0" timestamp="2025-01-14T23:57:54 IST">
  <testcase classname="ELearningTest.FL_ELearning_Trans_DeleteLectureNotesTest" name="fL_ELearning_Trans_DeleteLectureNotesTest" time="73.194"/>
</testsuite> <!-- Test 17: FL_ELearning_Trans_DeleteLectureNotesTest -->
