<?xml version="1.0" encoding="UTF-8"?>
<!-- Generated by org.testng.reporters.JUnitXMLReporter -->
<testsuite ignored="0" hostname="IITMSPC120" failures="0" tests="1" name="Test 15: FL_ELearning_Trans_CreateLectureNotesTest" time="138.528" errors="0" timestamp="2025-01-15T11:40:23 IST">
  <testcase classname="ELearningTest.FL_ELearning_Trans_CreateLectureNotesTest" name="fL_ELearning_Trans_CreateLectureNotesTest" time="136.18"/>
</testsuite> <!-- Test 15: FL_ELearning_Trans_CreateLectureNotesTest -->
