<?xml version="1.0" encoding="UTF-8"?>
<!-- Generated by org.testng.reporters.JUnitXMLReporter -->
<testsuite ignored="0" hostname="IITMSLP232" failures="1" tests="1" name="AL_CDC_Reports_PlacedStudentReportTests" time="114.277" errors="0" timestamp="2025-01-31T10:55:59 IST">
  <testcase classname="CDCTest.AL_CDC_Reports_PlacedStudentReportTests" name="aL_CDC_Reports_PlacedStudentReportTests" time="98.35">
    <failure type="java.io.FileNotFoundException" message="Z:\testing-automation\RF_Common_Code_LIVE\DownloadPDFs\CDC - Placed Student Report.pdf (The system cannot find the file specified)">
      <![CDATA[java.io.FileNotFoundException: Z:\testing-automation\RF_Common_Code_LIVE\DownloadPDFs\CDC - Placed Student Report.pdf (The system cannot find the file specified)
at java.base/java.io.RandomAccessFile.open0(Native Method)
at java.base/java.io.RandomAccessFile.open(RandomAccessFile.java:344)
at java.base/java.io.RandomAccessFile.<init>(RandomAccessFile.java:259)
at java.base/java.io.RandomAccessFile.<init>(RandomAccessFile.java:213)
at org.apache.pdfbox.io.RandomAccessBufferedFileInputStream.<init>(RandomAccessBufferedFileInputStream.java:100)
at org.apache.pdfbox.pdmodel.PDDocument.load(PDDocument.java:1090)
at org.apache.pdfbox.pdmodel.PDDocument.load(PDDocument.java:1052)
at org.apache.pdfbox.pdmodel.PDDocument.load(PDDocument.java:1000)
at utility.PDFUtility.readPDF(PDFUtility.java:31)
at CDCTest.AL_CDC_Reports_PlacedStudentReportTests.aL_CDC_Reports_PlacedStudentReportTests(AL_CDC_Reports_PlacedStudentReportTests.java:73)
at java.base/java.util.ArrayList.forEach(ArrayList.java:1511)
... Removed 27 stack frames]]>
    </failure>
  </testcase> <!-- aL_CDC_Reports_PlacedStudentReportTests -->
</testsuite> <!-- AL_CDC_Reports_PlacedStudentReportTests -->
